This file contains any messages produced by compilers while
running configure, to aid debugging if configure makes a mistake.

It was created by exactextractr configure 0.5.1, which was
generated by GNU Autoconf 2.69.  Invocation command line was

  $ ./configure 

## --------- ##
## Platform. ##
## --------- ##

hostname = ml-experiments
uname -m = x86_64
uname -r = 5.4.0-52-generic
uname -s = Linux
uname -v = #57-Ubuntu SMP Thu Oct 15 10:57:00 UTC 2020

/usr/bin/uname -p = x86_64
/bin/uname -X     = unknown

/bin/arch              = x86_64
/usr/bin/arch -k       = unknown
/usr/convex/getsysinfo = unknown
/usr/bin/hostinfo      = unknown
/bin/machine           = unknown
/usr/bin/oslevel       = unknown
/bin/universe          = unknown

PATH: /home/akhila/anaconda3/bin
PATH: /usr/local/sbin
PATH: /usr/local/bin
PATH: /usr/sbin
PATH: /usr/bin
PATH: /sbin
PATH: /bin
PATH: /usr/games
PATH: /usr/local/games
PATH: /snap/bin
PATH: /home/akhila/.dotnet/tools


## ----------- ##
## Core tests. ##
## ----------- ##

configure:1687: exactextractr: 0.5.1
configure:1730: checking for geos-config
configure:1748: found /usr/bin/geos-config
configure:1761: result: /usr/bin/geos-config
configure:1795: checking geos-config usability
configure:1804: result: yes
configure:1812: GEOS version: 3.8.1
configure:1814: checking geos version at least 3.5.0
configure:1822: result: yes
configure:1826: checking compiling and building against geos_c
configure:1847: result: yes
configure:1881: PKG_CXX: g++
configure:1883: PKG_CXXFLAGS: -g -O2 -fdebug-prefix-map=/build/r-base-8T8CYO/r-base-4.0.3=. -fstack-protector-strong -Wformat -Werror=format-security -Wdate-time -D_FORTIFY_SOURCE=2 -g -std=gnu++14 -I/usr/include
configure:1885: PKG_LIBS: -Wl,-Bsymbolic-functions -Wl,-z,relro -L/usr/lib/x86_64-linux-gnu -lgeos_c
configure:2032: creating ./config.status

## ---------------------- ##
## Running config.status. ##
## ---------------------- ##

This file was extended by exactextractr config.status 0.5.1, which was
generated by GNU Autoconf 2.69.  Invocation command line was

  CONFIG_FILES    = 
  CONFIG_HEADERS  = 
  CONFIG_LINKS    = 
  CONFIG_COMMANDS = 
  $ ./config.status 

on ml-experiments

config.status:714: creating src/Makevars

## ---------------- ##
## Cache variables. ##
## ---------------- ##

ac_cv_env_build_alias_set=
ac_cv_env_build_alias_value=
ac_cv_env_host_alias_set=
ac_cv_env_host_alias_value=
ac_cv_env_target_alias_set=
ac_cv_env_target_alias_value=
ac_cv_path_GEOS_CONFIG=/usr/bin/geos-config

## ----------------- ##
## Output variables. ##
## ----------------- ##

DEFS='-DPACKAGE_NAME=\"exactextractr\" -DPACKAGE_TARNAME=\"exactextractr\" -DPACKAGE_VERSION=\"0.5.1\" -DPACKAGE_STRING=\"exactextractr\ 0.5.1\" -DPACKAGE_BUGREPORT=\"dbaston@isciences.com\" -DPACKAGE_URL=\"\"'
ECHO_C=''
ECHO_N='-n'
ECHO_T=''
GEOS_CONFIG='/usr/bin/geos-config'
LIBOBJS=''
LIBS=''
LTLIBOBJS=''
PACKAGE_BUGREPORT='dbaston@isciences.com'
PACKAGE_NAME='exactextractr'
PACKAGE_STRING='exactextractr 0.5.1'
PACKAGE_TARNAME='exactextractr'
PACKAGE_URL=''
PACKAGE_VERSION='0.5.1'
PATH_SEPARATOR=':'
PKG_CXX='g++'
PKG_CXXFLAGS='-g -O2 -fdebug-prefix-map=/build/r-base-8T8CYO/r-base-4.0.3=. -fstack-protector-strong -Wformat -Werror=format-security -Wdate-time -D_FORTIFY_SOURCE=2 -g -std=gnu++14 -I/usr/include'
PKG_LIBS='-Wl,-Bsymbolic-functions -Wl,-z,relro -L/usr/lib/x86_64-linux-gnu -lgeos_c'
SHELL='/bin/bash'
bindir='${exec_prefix}/bin'
build_alias=''
datadir='${datarootdir}'
datarootdir='${prefix}/share'
docdir='${datarootdir}/doc/${PACKAGE_TARNAME}'
dvidir='${docdir}'
exec_prefix='${prefix}'
host_alias=''
htmldir='${docdir}'
includedir='${prefix}/include'
infodir='${datarootdir}/info'
libdir='${exec_prefix}/lib'
libexecdir='${exec_prefix}/libexec'
localedir='${datarootdir}/locale'
localstatedir='${prefix}/var'
mandir='${datarootdir}/man'
oldincludedir='/usr/include'
pdfdir='${docdir}'
prefix='/usr/local'
program_transform_name='s,x,x,'
psdir='${docdir}'
runstatedir='${localstatedir}/run'
sbindir='${exec_prefix}/sbin'
sharedstatedir='${prefix}/com'
sysconfdir='${prefix}/etc'
target_alias=''

## ----------- ##
## confdefs.h. ##
## ----------- ##

/* confdefs.h */
#define PACKAGE_NAME "exactextractr"
#define PACKAGE_TARNAME "exactextractr"
#define PACKAGE_VERSION "0.5.1"
#define PACKAGE_STRING "exactextractr 0.5.1"
#define PACKAGE_BUGREPORT "dbaston@isciences.com"
#define PACKAGE_URL ""

configure: exit 0
